[ 2023-06-23 14:24:10,971 ] 16 root - INFO - >>>>>>>>>>>>>>>>>>>>>>>>>>>>>>>>>>>>>>>> Data Ingestion <<<<<<<<<<<<<<<<<<<<<<<<<<<<<<<<<<<<<<<<
[ 2023-06-23 14:24:10,971 ] 23 root - INFO - Exporting collection data as pandas dataframe
[ 2023-06-23 14:24:10,979 ] 27 root - INFO - Save data in feature store
[ 2023-06-23 14:24:10,979 ] 33 root - INFO - Create feature store folder if not available
[ 2023-06-23 14:24:11,021 ] 37 root - INFO - Save df to feature store folder
[ 2023-06-23 14:24:11,028 ] 42 root - INFO - split dataset into train and test set
[ 2023-06-23 14:24:11,031 ] 46 root - INFO - create dataset directory folder if not available
[ 2023-06-23 14:24:11,031 ] 51 root - INFO - Save df to feature store folder
[ 2023-06-23 14:24:11,036 ] 63 root - INFO - Data ingestion artifact: DataIngestionArtifact(feature_store_file_path='C:\\Users\\aswin\\OneDrive\\Documents\\Data Science\\Machine Learning Project\\Liver Patients\\artifact\\06232023__142410\\data_ingestion\\feature_store\\Liver_patient.csv', train_file_path='C:\\Users\\aswin\\OneDrive\\Documents\\Data Science\\Machine Learning Project\\Liver Patients\\artifact\\06232023__142410\\data_ingestion\\dataset\\train.csv', test_file_path='C:\\Users\\aswin\\OneDrive\\Documents\\Data Science\\Machine Learning Project\\Liver Patients\\artifact\\06232023__142410\\data_ingestion\\test.csv')
[ 2023-06-23 14:24:11,036 ] 22 root - INFO - >>>>>>>>>>>>>>>>>>>>>>>>>>>>>>>>>>>>>>>> Data Validation <<<<<<<<<<<<<<<<<<<<<<<<<<<<<<<<<<<<<<<<
[ 2023-06-23 14:24:11,036 ] 110 root - INFO - Reading base dataframe
[ 2023-06-23 14:24:11,036 ] 113 root - INFO - Replace na value in base df
[ 2023-06-23 14:24:11,036 ] 115 root - INFO - Drop null values colums from base df
[ 2023-06-23 14:24:11,044 ] 44 root - INFO - selecting column name which contains null above to 0.2
[ 2023-06-23 14:24:11,044 ] 47 root - INFO - Columns to drop: []
[ 2023-06-23 14:24:11,044 ] 118 root - INFO - Reading train dataframe
[ 2023-06-23 14:24:11,058 ] 120 root - INFO - Reading test dataframe
[ 2023-06-23 14:24:11,060 ] 123 root - INFO - Drop null values colums from train df
[ 2023-06-23 14:24:11,062 ] 44 root - INFO - selecting column name which contains null above to 0.2
[ 2023-06-23 14:24:11,062 ] 47 root - INFO - Columns to drop: []
[ 2023-06-23 14:24:11,062 ] 125 root - INFO - Drop null values colums from test df
[ 2023-06-23 14:24:11,062 ] 44 root - INFO - selecting column name which contains null above to 0.2
[ 2023-06-23 14:24:11,062 ] 47 root - INFO - Columns to drop: []
[ 2023-06-23 14:24:11,062 ] 134 root - INFO - Is all required columns present in train df
[ 2023-06-23 14:24:11,062 ] 136 root - INFO - Is all required columns present in test df
[ 2023-06-23 14:24:11,062 ] 140 root - INFO - As all column are available in train df hence detecting data drift
[ 2023-06-23 14:24:11,062 ] 88 root - INFO - Hypothesis Age: int64, int64 
[ 2023-06-23 14:24:11,062 ] 88 root - INFO - Hypothesis Gender: object, object 
[ 2023-06-23 14:24:11,062 ] 88 root - INFO - Hypothesis Total_Bilirubin: float64, float64 
[ 2023-06-23 14:24:11,062 ] 88 root - INFO - Hypothesis Direct_Bilirubin: float64, float64 
[ 2023-06-23 14:24:11,062 ] 88 root - INFO - Hypothesis Alkaline_Phosphotase: int64, int64 
[ 2023-06-23 14:24:11,062 ] 88 root - INFO - Hypothesis Alamine_Aminotransferase: int64, int64 
[ 2023-06-23 14:24:11,068 ] 88 root - INFO - Hypothesis Aspartate_Aminotransferase: int64, int64 
[ 2023-06-23 14:24:11,068 ] 88 root - INFO - Hypothesis Total_Protiens: float64, float64 
[ 2023-06-23 14:24:11,068 ] 88 root - INFO - Hypothesis Albumin: float64, float64 
[ 2023-06-23 14:24:11,068 ] 88 root - INFO - Hypothesis Albumin_and_Globulin_Ratio: float64, float64 
[ 2023-06-23 14:24:11,068 ] 88 root - INFO - Hypothesis Dataset: int64, int64 
[ 2023-06-23 14:24:11,068 ] 143 root - INFO - As all column are available in test df hence detecting data drift
[ 2023-06-23 14:24:11,068 ] 88 root - INFO - Hypothesis Age: int64, int64 
[ 2023-06-23 14:24:11,068 ] 88 root - INFO - Hypothesis Gender: object, object 
[ 2023-06-23 14:24:11,068 ] 88 root - INFO - Hypothesis Total_Bilirubin: float64, float64 
[ 2023-06-23 14:24:11,068 ] 88 root - INFO - Hypothesis Direct_Bilirubin: float64, float64 
[ 2023-06-23 14:24:11,068 ] 88 root - INFO - Hypothesis Alkaline_Phosphotase: int64, int64 
[ 2023-06-23 14:24:11,068 ] 88 root - INFO - Hypothesis Alamine_Aminotransferase: int64, int64 
[ 2023-06-23 14:24:11,068 ] 88 root - INFO - Hypothesis Aspartate_Aminotransferase: int64, int64 
[ 2023-06-23 14:24:11,068 ] 88 root - INFO - Hypothesis Total_Protiens: float64, float64 
[ 2023-06-23 14:24:11,068 ] 88 root - INFO - Hypothesis Albumin: float64, float64 
[ 2023-06-23 14:24:11,068 ] 88 root - INFO - Hypothesis Albumin_and_Globulin_Ratio: float64, float64 
[ 2023-06-23 14:24:11,076 ] 88 root - INFO - Hypothesis Dataset: int64, int64 
[ 2023-06-23 14:24:11,076 ] 147 root - INFO - Write reprt in yaml file
[ 2023-06-23 14:24:11,079 ] 152 root - INFO - Data validation artifact: DataValidationArtifact(report_file_path='C:\\Users\\aswin\\OneDrive\\Documents\\Data Science\\Machine Learning Project\\Liver Patients\\artifact\\06232023__142410\\data_validation\\report.yaml')
[ 2023-06-23 14:24:11,079 ] 25 root - INFO - >>>>>>>>>>>>>>>>>>>>>>>>>>>>>>>>>>>>>>>> Data Transformation <<<<<<<<<<<<<<<<<<<<<<<<<<<<<<<<<<<<<<<<
[ 2023-06-23 14:24:11,104 ] 79 root - INFO - Before resampling in training set Input: (466, 10) Target:(466,)
[ 2023-06-23 14:24:11,119 ] 81 root - INFO - After resampling in training set Input: (642, 10) Target:(642,)
[ 2023-06-23 14:24:11,119 ] 83 root - INFO - Before resampling in testing set Input: (117, 10) Target:(117,)
[ 2023-06-23 14:24:11,127 ] 85 root - INFO - After resampling in testing set Input: (166, 10) Target:(166,)
