[ 2023-06-24 12:15:26,063 ] 16 root - INFO - >>>>>>>>>>>>>>>>>>>>>>>>>>>>>>>>>>>>>>>> Data Ingestion <<<<<<<<<<<<<<<<<<<<<<<<<<<<<<<<<<<<<<<<
[ 2023-06-24 12:15:26,063 ] 23 root - INFO - Exporting collection data as pandas dataframe
[ 2023-06-24 12:15:26,067 ] 27 root - INFO - Save data in feature store
[ 2023-06-24 12:15:26,067 ] 33 root - INFO - Create feature store folder if not available
[ 2023-06-24 12:15:26,071 ] 37 root - INFO - Save df to feature store folder
[ 2023-06-24 12:15:26,077 ] 42 root - INFO - split dataset into train and test set
[ 2023-06-24 12:15:26,079 ] 46 root - INFO - create dataset directory folder if not available
[ 2023-06-24 12:15:26,079 ] 51 root - INFO - Save df to feature store folder
[ 2023-06-24 12:15:26,085 ] 63 root - INFO - Data ingestion artifact: DataIngestionArtifact(feature_store_file_path='C:\\Users\\aswin\\OneDrive\\Documents\\Data Science\\Machine Learning Project\\Liver Patients\\artifact\\06242023__121526\\data_ingestion\\feature_store\\Liver_patient.csv', train_file_path='C:\\Users\\aswin\\OneDrive\\Documents\\Data Science\\Machine Learning Project\\Liver Patients\\artifact\\06242023__121526\\data_ingestion\\dataset\\train.csv', test_file_path='C:\\Users\\aswin\\OneDrive\\Documents\\Data Science\\Machine Learning Project\\Liver Patients\\artifact\\06242023__121526\\data_ingestion\\test.csv')
[ 2023-06-24 12:15:26,085 ] 22 root - INFO - >>>>>>>>>>>>>>>>>>>>>>>>>>>>>>>>>>>>>>>> Data Validation <<<<<<<<<<<<<<<<<<<<<<<<<<<<<<<<<<<<<<<<
[ 2023-06-24 12:15:26,091 ] 110 root - INFO - Reading base dataframe
[ 2023-06-24 12:15:26,094 ] 113 root - INFO - Replace na value in base df
[ 2023-06-24 12:15:26,094 ] 115 root - INFO - Drop null values colums from base df
[ 2023-06-24 12:15:26,094 ] 44 root - INFO - selecting column name which contains null above to 0.2
[ 2023-06-24 12:15:26,094 ] 47 root - INFO - Columns to drop: []
[ 2023-06-24 12:15:26,094 ] 118 root - INFO - Reading train dataframe
[ 2023-06-24 12:15:26,109 ] 120 root - INFO - Reading test dataframe
[ 2023-06-24 12:15:26,112 ] 123 root - INFO - Drop null values colums from train df
[ 2023-06-24 12:15:26,112 ] 44 root - INFO - selecting column name which contains null above to 0.2
[ 2023-06-24 12:15:26,112 ] 47 root - INFO - Columns to drop: []
[ 2023-06-24 12:15:26,112 ] 125 root - INFO - Drop null values colums from test df
[ 2023-06-24 12:15:26,112 ] 44 root - INFO - selecting column name which contains null above to 0.2
[ 2023-06-24 12:15:26,112 ] 47 root - INFO - Columns to drop: []
[ 2023-06-24 12:15:26,112 ] 134 root - INFO - Is all required columns present in train df
[ 2023-06-24 12:15:26,112 ] 136 root - INFO - Is all required columns present in test df
[ 2023-06-24 12:15:26,112 ] 140 root - INFO - As all column are available in train df hence detecting data drift
[ 2023-06-24 12:15:26,117 ] 88 root - INFO - Hypothesis Age: int64, int64 
[ 2023-06-24 12:15:26,117 ] 88 root - INFO - Hypothesis Gender: object, object 
[ 2023-06-24 12:15:26,117 ] 88 root - INFO - Hypothesis Total_Bilirubin: float64, float64 
[ 2023-06-24 12:15:26,117 ] 88 root - INFO - Hypothesis Direct_Bilirubin: float64, float64 
[ 2023-06-24 12:15:26,117 ] 88 root - INFO - Hypothesis Alkaline_Phosphotase: int64, int64 
[ 2023-06-24 12:15:26,117 ] 88 root - INFO - Hypothesis Alamine_Aminotransferase: int64, int64 
[ 2023-06-24 12:15:26,117 ] 88 root - INFO - Hypothesis Aspartate_Aminotransferase: int64, int64 
[ 2023-06-24 12:15:26,117 ] 88 root - INFO - Hypothesis Total_Protiens: float64, float64 
[ 2023-06-24 12:15:26,117 ] 88 root - INFO - Hypothesis Albumin: float64, float64 
[ 2023-06-24 12:15:26,117 ] 88 root - INFO - Hypothesis Albumin_and_Globulin_Ratio: float64, float64 
[ 2023-06-24 12:15:26,117 ] 88 root - INFO - Hypothesis Dataset: int64, int64 
[ 2023-06-24 12:15:26,117 ] 143 root - INFO - As all column are available in test df hence detecting data drift
[ 2023-06-24 12:15:26,117 ] 88 root - INFO - Hypothesis Age: int64, int64 
[ 2023-06-24 12:15:26,117 ] 88 root - INFO - Hypothesis Gender: object, object 
[ 2023-06-24 12:15:26,117 ] 88 root - INFO - Hypothesis Total_Bilirubin: float64, float64 
[ 2023-06-24 12:15:26,125 ] 88 root - INFO - Hypothesis Direct_Bilirubin: float64, float64 
[ 2023-06-24 12:15:26,125 ] 88 root - INFO - Hypothesis Alkaline_Phosphotase: int64, int64 
[ 2023-06-24 12:15:26,125 ] 88 root - INFO - Hypothesis Alamine_Aminotransferase: int64, int64 
[ 2023-06-24 12:15:26,125 ] 88 root - INFO - Hypothesis Aspartate_Aminotransferase: int64, int64 
[ 2023-06-24 12:15:26,125 ] 88 root - INFO - Hypothesis Total_Protiens: float64, float64 
[ 2023-06-24 12:15:26,125 ] 88 root - INFO - Hypothesis Albumin: float64, float64 
[ 2023-06-24 12:15:26,125 ] 88 root - INFO - Hypothesis Albumin_and_Globulin_Ratio: float64, float64 
[ 2023-06-24 12:15:26,125 ] 88 root - INFO - Hypothesis Dataset: int64, int64 
[ 2023-06-24 12:15:26,125 ] 147 root - INFO - Write reprt in yaml file
[ 2023-06-24 12:15:26,133 ] 152 root - INFO - Data validation artifact: DataValidationArtifact(report_file_path='C:\\Users\\aswin\\OneDrive\\Documents\\Data Science\\Machine Learning Project\\Liver Patients\\artifact\\06242023__121526\\data_validation\\report.yaml')
[ 2023-06-24 12:15:26,133 ] 24 root - INFO - >>>>>>>>>>>>>>>>>>>>>>>>>>>>>>>>>>>>>>>> Data Transformation <<<<<<<<<<<<<<<<<<<<<<<<<<<<<<<<<<<<<<<<
[ 2023-06-24 12:15:26,150 ] 78 root - INFO - Before resampling in training set Input: (466, 10) Target:(466,)
[ 2023-06-24 12:15:26,158 ] 80 root - INFO - After resampling in training set Input: (642, 10) Target:(642,)
[ 2023-06-24 12:15:26,158 ] 82 root - INFO - Before resampling in testing set Input: (117, 10) Target:(117,)
[ 2023-06-24 12:15:26,166 ] 84 root - INFO - After resampling in testing set Input: (166, 10) Target:(166,)
[ 2023-06-24 12:15:26,176 ] 46 root - INFO - Entered the save_object method of utils
[ 2023-06-24 12:15:26,178 ] 50 root - INFO - Exited the save_object method of utils
[ 2023-06-24 12:15:26,178 ] 46 root - INFO - Entered the save_object method of utils
[ 2023-06-24 12:15:26,180 ] 50 root - INFO - Exited the save_object method of utils
[ 2023-06-24 12:15:26,180 ] 114 root - INFO - Data transformation object DataTransformationArtifact(transform_object_path='C:\\Users\\aswin\\OneDrive\\Documents\\Data Science\\Machine Learning Project\\Liver Patients\\artifact\\06242023__121526\\data_transformation\\transformer\\transformer.pkl', transformed_train_path='C:\\Users\\aswin\\OneDrive\\Documents\\Data Science\\Machine Learning Project\\Liver Patients\\artifact\\06242023__121526\\data_transformation\\transformed\\train.npz', transformed_test_path='C:\\Users\\aswin\\OneDrive\\Documents\\Data Science\\Machine Learning Project\\Liver Patients\\artifact\\06242023__121526\\data_transformation\\transformed\\test.npz', target_encoder_path='C:\\Users\\aswin\\OneDrive\\Documents\\Data Science\\Machine Learning Project\\Liver Patients\\artifact\\06242023__121526\\data_transformation\\target_encoder\\target_encoder.pkl')
[ 2023-06-24 12:15:26,180 ] 21 root - INFO - >>>>>>>>>>>>>>>>>>>>>>>>>>>>>>>>>>>>>>>> Model Trainer <<<<<<<<<<<<<<<<<<<<<<<<<<<<<<<<<<<<<<<<
[ 2023-06-24 12:15:26,180 ] 45 root - INFO - loading train and test dataset
[ 2023-06-24 12:15:26,194 ] 49 root - INFO - Splitting input and target feature from both train and test array
[ 2023-06-24 12:15:26,194 ] 53 root - INFO - Train the model
[ 2023-06-24 12:15:26,334 ] 56 root - INFO - Calculating f1 train score
[ 2023-06-24 12:15:26,344 ] 60 root - INFO - Calculating f1 test score
[ 2023-06-24 12:15:26,344 ] 64 root - INFO - train score:1.0 and tests score 0.7816091954022989
[ 2023-06-24 12:15:26,344 ] 66 root - INFO - Checking if our model is underfitting or not
[ 2023-06-24 12:15:26,344 ] 71 root - INFO - Checking if our model is overfiiting or not
[ 2023-06-24 12:15:26,344 ] 78 root - INFO - Saving mode object
[ 2023-06-24 12:15:26,344 ] 46 root - INFO - Entered the save_object method of utils
[ 2023-06-24 12:15:26,354 ] 50 root - INFO - Exited the save_object method of utils
[ 2023-06-24 12:15:26,354 ] 82 root - INFO - Prepare the artifact
[ 2023-06-24 12:15:26,354 ] 85 root - INFO - Model trainer artifact: ModelTrainerArtifact(model_path='C:\\Users\\aswin\\OneDrive\\Documents\\Data Science\\Machine Learning Project\\Liver Patients\\artifact\\06242023__121526\\model_trainer\\model\\model.pkl', f1_train_score=1.0, f1_test_score=0.7816091954022989)
[ 2023-06-24 12:15:26,354 ] 19 root - INFO - >>>>>>>>>>>>>>>>>>>>>>>>>>>>>>>>>>>>>>>>  Model Evaluation <<<<<<<<<<<<<<<<<<<<<<<<<<<<<<<<<<<<<<<<
[ 2023-06-24 12:15:26,354 ] 35 root - INFO - if saved model folder has model the we will compare which model is best trained or the model from saved model folder
[ 2023-06-24 12:15:26,354 ] 40 root - INFO - Model evaluation artifact: ModelEvaluationArtifact(is_model_accept=True, improved_accuracy=None)
[ 2023-06-24 12:15:26,354 ] 14 root - INFO - >>>>>>>>>>>>>>>>>>>>>>>>>>>>>>>>>>>>>>>> Data Transformation <<<<<<<<<<<<<<<<<<<<<<<<<<<<<<<<<<<<<<<<
[ 2023-06-24 12:15:26,354 ] 25 root - INFO - Loading transformer model and target encoder
[ 2023-06-24 12:15:26,415 ] 31 root - INFO - Saving model into model pusher directory
[ 2023-06-24 12:15:26,415 ] 46 root - INFO - Entered the save_object method of utils
[ 2023-06-24 12:15:26,415 ] 50 root - INFO - Exited the save_object method of utils
[ 2023-06-24 12:15:26,415 ] 46 root - INFO - Entered the save_object method of utils
[ 2023-06-24 12:15:26,425 ] 50 root - INFO - Exited the save_object method of utils
[ 2023-06-24 12:15:26,425 ] 46 root - INFO - Entered the save_object method of utils
[ 2023-06-24 12:15:26,425 ] 50 root - INFO - Exited the save_object method of utils
[ 2023-06-24 12:15:26,425 ] 38 root - INFO - Saving model in saved model dir
[ 2023-06-24 12:15:26,425 ] 46 root - INFO - Entered the save_object method of utils
[ 2023-06-24 12:15:26,435 ] 50 root - INFO - Exited the save_object method of utils
[ 2023-06-24 12:15:26,435 ] 46 root - INFO - Entered the save_object method of utils
[ 2023-06-24 12:15:26,435 ] 50 root - INFO - Exited the save_object method of utils
[ 2023-06-24 12:15:26,435 ] 46 root - INFO - Entered the save_object method of utils
[ 2023-06-24 12:15:26,435 ] 50 root - INFO - Exited the save_object method of utils
[ 2023-06-24 12:15:26,435 ] 49 root - INFO - Model pusher artifact: ModelPusherArtifact(pusher_model_dir='C:\\Users\\aswin\\OneDrive\\Documents\\Data Science\\Machine Learning Project\\Liver Patients\\artifact\\06242023__121526\\model_pusher\\saved_models', saved_model_dir='saved_models')
