[ 2023-06-24 11:55:57,880 ] 16 root - INFO - >>>>>>>>>>>>>>>>>>>>>>>>>>>>>>>>>>>>>>>> Data Ingestion <<<<<<<<<<<<<<<<<<<<<<<<<<<<<<<<<<<<<<<<
[ 2023-06-24 11:55:57,880 ] 23 root - INFO - Exporting collection data as pandas dataframe
[ 2023-06-24 11:55:57,909 ] 27 root - INFO - Save data in feature store
[ 2023-06-24 11:55:57,913 ] 33 root - INFO - Create feature store folder if not available
[ 2023-06-24 11:55:57,913 ] 37 root - INFO - Save df to feature store folder
[ 2023-06-24 11:55:57,921 ] 42 root - INFO - split dataset into train and test set
[ 2023-06-24 11:55:57,923 ] 46 root - INFO - create dataset directory folder if not available
[ 2023-06-24 11:55:57,923 ] 51 root - INFO - Save df to feature store folder
[ 2023-06-24 11:55:57,931 ] 63 root - INFO - Data ingestion artifact: DataIngestionArtifact(feature_store_file_path='C:\\Users\\aswin\\OneDrive\\Documents\\Data Science\\Machine Learning Project\\Liver Patients\\artifact\\06242023__115557\\data_ingestion\\feature_store\\Liver_patient.csv', train_file_path='C:\\Users\\aswin\\OneDrive\\Documents\\Data Science\\Machine Learning Project\\Liver Patients\\artifact\\06242023__115557\\data_ingestion\\dataset\\train.csv', test_file_path='C:\\Users\\aswin\\OneDrive\\Documents\\Data Science\\Machine Learning Project\\Liver Patients\\artifact\\06242023__115557\\data_ingestion\\test.csv')
[ 2023-06-24 11:55:57,931 ] 22 root - INFO - >>>>>>>>>>>>>>>>>>>>>>>>>>>>>>>>>>>>>>>> Data Validation <<<<<<<<<<<<<<<<<<<<<<<<<<<<<<<<<<<<<<<<
[ 2023-06-24 11:55:57,931 ] 110 root - INFO - Reading base dataframe
[ 2023-06-24 11:55:57,935 ] 113 root - INFO - Replace na value in base df
[ 2023-06-24 11:55:57,935 ] 115 root - INFO - Drop null values colums from base df
[ 2023-06-24 11:55:57,938 ] 44 root - INFO - selecting column name which contains null above to 0.2
[ 2023-06-24 11:55:57,938 ] 47 root - INFO - Columns to drop: []
[ 2023-06-24 11:55:57,940 ] 118 root - INFO - Reading train dataframe
[ 2023-06-24 11:55:57,946 ] 120 root - INFO - Reading test dataframe
[ 2023-06-24 11:55:57,962 ] 123 root - INFO - Drop null values colums from train df
[ 2023-06-24 11:55:57,964 ] 44 root - INFO - selecting column name which contains null above to 0.2
[ 2023-06-24 11:55:57,964 ] 47 root - INFO - Columns to drop: []
[ 2023-06-24 11:55:57,964 ] 125 root - INFO - Drop null values colums from test df
[ 2023-06-24 11:55:57,966 ] 44 root - INFO - selecting column name which contains null above to 0.2
[ 2023-06-24 11:55:57,966 ] 47 root - INFO - Columns to drop: []
[ 2023-06-24 11:55:57,966 ] 134 root - INFO - Is all required columns present in train df
[ 2023-06-24 11:55:57,967 ] 136 root - INFO - Is all required columns present in test df
[ 2023-06-24 11:55:57,967 ] 140 root - INFO - As all column are available in train df hence detecting data drift
[ 2023-06-24 11:55:57,967 ] 88 root - INFO - Hypothesis Age: int64, int64 
[ 2023-06-24 11:55:57,968 ] 88 root - INFO - Hypothesis Gender: object, object 
[ 2023-06-24 11:55:57,968 ] 88 root - INFO - Hypothesis Total_Bilirubin: float64, float64 
[ 2023-06-24 11:55:57,971 ] 88 root - INFO - Hypothesis Direct_Bilirubin: float64, float64 
[ 2023-06-24 11:55:57,971 ] 88 root - INFO - Hypothesis Alkaline_Phosphotase: int64, int64 
[ 2023-06-24 11:55:57,972 ] 88 root - INFO - Hypothesis Alamine_Aminotransferase: int64, int64 
[ 2023-06-24 11:55:57,972 ] 88 root - INFO - Hypothesis Aspartate_Aminotransferase: int64, int64 
[ 2023-06-24 11:55:57,972 ] 88 root - INFO - Hypothesis Total_Protiens: float64, float64 
[ 2023-06-24 11:55:57,972 ] 88 root - INFO - Hypothesis Albumin: float64, float64 
[ 2023-06-24 11:55:57,972 ] 88 root - INFO - Hypothesis Albumin_and_Globulin_Ratio: float64, float64 
[ 2023-06-24 11:55:57,972 ] 88 root - INFO - Hypothesis Dataset: int64, int64 
[ 2023-06-24 11:55:57,972 ] 143 root - INFO - As all column are available in test df hence detecting data drift
[ 2023-06-24 11:55:57,972 ] 88 root - INFO - Hypothesis Age: int64, int64 
[ 2023-06-24 11:55:57,972 ] 88 root - INFO - Hypothesis Gender: object, object 
[ 2023-06-24 11:55:57,977 ] 88 root - INFO - Hypothesis Total_Bilirubin: float64, float64 
[ 2023-06-24 11:55:57,977 ] 88 root - INFO - Hypothesis Direct_Bilirubin: float64, float64 
[ 2023-06-24 11:55:57,977 ] 88 root - INFO - Hypothesis Alkaline_Phosphotase: int64, int64 
[ 2023-06-24 11:55:57,979 ] 88 root - INFO - Hypothesis Alamine_Aminotransferase: int64, int64 
[ 2023-06-24 11:55:57,979 ] 88 root - INFO - Hypothesis Aspartate_Aminotransferase: int64, int64 
[ 2023-06-24 11:55:57,979 ] 88 root - INFO - Hypothesis Total_Protiens: float64, float64 
[ 2023-06-24 11:55:57,979 ] 88 root - INFO - Hypothesis Albumin: float64, float64 
[ 2023-06-24 11:55:57,979 ] 88 root - INFO - Hypothesis Albumin_and_Globulin_Ratio: float64, float64 
[ 2023-06-24 11:55:57,979 ] 88 root - INFO - Hypothesis Dataset: int64, int64 
[ 2023-06-24 11:55:57,979 ] 147 root - INFO - Write reprt in yaml file
[ 2023-06-24 11:55:57,987 ] 152 root - INFO - Data validation artifact: DataValidationArtifact(report_file_path='C:\\Users\\aswin\\OneDrive\\Documents\\Data Science\\Machine Learning Project\\Liver Patients\\artifact\\06242023__115557\\data_validation\\report.yaml')
[ 2023-06-24 11:55:57,987 ] 24 root - INFO - >>>>>>>>>>>>>>>>>>>>>>>>>>>>>>>>>>>>>>>> Data Transformation <<<<<<<<<<<<<<<<<<<<<<<<<<<<<<<<<<<<<<<<
[ 2023-06-24 11:55:58,004 ] 78 root - INFO - Before resampling in training set Input: (466, 10) Target:(466,)
[ 2023-06-24 11:55:58,013 ] 80 root - INFO - After resampling in training set Input: (642, 10) Target:(642,)
[ 2023-06-24 11:55:58,013 ] 82 root - INFO - Before resampling in testing set Input: (117, 10) Target:(117,)
[ 2023-06-24 11:55:58,020 ] 84 root - INFO - After resampling in testing set Input: (166, 10) Target:(166,)
[ 2023-06-24 11:55:58,028 ] 46 root - INFO - Entered the save_object method of utils
[ 2023-06-24 11:55:58,034 ] 50 root - INFO - Exited the save_object method of utils
[ 2023-06-24 11:55:58,034 ] 46 root - INFO - Entered the save_object method of utils
[ 2023-06-24 11:55:58,036 ] 50 root - INFO - Exited the save_object method of utils
[ 2023-06-24 11:55:58,036 ] 114 root - INFO - Data transformation object DataTransformationArtifact(transform_object_path='C:\\Users\\aswin\\OneDrive\\Documents\\Data Science\\Machine Learning Project\\Liver Patients\\artifact\\06242023__115557\\data_transformation\\transformer\\transformer.pkl', transformed_train_path='C:\\Users\\aswin\\OneDrive\\Documents\\Data Science\\Machine Learning Project\\Liver Patients\\artifact\\06242023__115557\\data_transformation\\transformed\\train.npz', transformed_test_path='C:\\Users\\aswin\\OneDrive\\Documents\\Data Science\\Machine Learning Project\\Liver Patients\\artifact\\06242023__115557\\data_transformation\\transformed\\test.npz', target_encoder_path='C:\\Users\\aswin\\OneDrive\\Documents\\Data Science\\Machine Learning Project\\Liver Patients\\artifact\\06242023__115557\\data_transformation\\target_encoder\\target_encoder.pkl')
[ 2023-06-24 11:55:58,036 ] 21 root - INFO - >>>>>>>>>>>>>>>>>>>>>>>>>>>>>>>>>>>>>>>> Model Trainer <<<<<<<<<<<<<<<<<<<<<<<<<<<<<<<<<<<<<<<<
[ 2023-06-24 11:55:58,036 ] 45 root - INFO - loading train and test dataset
[ 2023-06-24 11:55:58,053 ] 49 root - INFO - Splitting input and target feature from both train and test array
[ 2023-06-24 11:55:58,053 ] 53 root - INFO - Train the model
[ 2023-06-24 11:55:58,261 ] 56 root - INFO - Calculating f1 train score
[ 2023-06-24 11:55:58,265 ] 60 root - INFO - Calculating f1 test score
[ 2023-06-24 11:55:58,273 ] 64 root - INFO - train score:1.0 and tests score 0.7816091954022989
[ 2023-06-24 11:55:58,273 ] 66 root - INFO - Checking if our model is underfitting or not
[ 2023-06-24 11:55:58,273 ] 71 root - INFO - Checking if our model is overfiiting or not
[ 2023-06-24 11:55:58,273 ] 78 root - INFO - Saving mode object
[ 2023-06-24 11:55:58,273 ] 46 root - INFO - Entered the save_object method of utils
[ 2023-06-24 11:55:58,281 ] 50 root - INFO - Exited the save_object method of utils
[ 2023-06-24 11:55:58,281 ] 82 root - INFO - Prepare the artifact
[ 2023-06-24 11:55:58,281 ] 85 root - INFO - Model trainer artifact: ModelTrainerArtifact(model_path='C:\\Users\\aswin\\OneDrive\\Documents\\Data Science\\Machine Learning Project\\Liver Patients\\artifact\\06242023__115557\\model_trainer\\model\\model.pkl', f1_train_score=1.0, f1_test_score=0.7816091954022989)
